android/app/build/intermediates/manifest_merge_blame_file/release/manifest-merger-blame-release-report.txt
1<?xml version="1.0" encoding="utf-8"?>
2<manifest xmlns:android="http://schemas.android.com/apk/res/android"
3    package="com.stripepayment"
4    android:versionCode="1"
5    android:versionName="1.0" >
6
7    <uses-sdk
8        android:minSdkVersion="21"
8-->src/main/AndroidManifest.xml
9        android:targetSdkVersion="33" />
9-->src/main/AndroidManifest.xml
10
11    <uses-permission android:name="android.permission.INTERNET" />
11-->src/main/AndroidManifest.xml:3:5-67
11-->src/main/AndroidManifest.xml:3:22-64
12    <!-- See https://developer.android.com/training/package-visibility/declaring for more details. -->
13    <queries>
13-->[com.stripe:financial-connections:20.25.5] AndroidManifest.xml:10:5-18:15
14
15        <!-- Added to check the default browser that will host the AuthFlow. -->
16        <intent>
16-->[com.stripe:financial-connections:20.25.5] AndroidManifest.xml:13:9-17:18
17            <action android:name="android.intent.action.VIEW" />
17-->[com.stripe:financial-connections:20.25.5] AndroidManifest.xml:14:13-65
17-->[com.stripe:financial-connections:20.25.5] AndroidManifest.xml:14:21-62
18
19            <data android:scheme="http" />
19-->[com.stripe:financial-connections:20.25.5] AndroidManifest.xml:16:13-43
19-->[com.stripe:financial-connections:20.25.5] AndroidManifest.xml:16:19-40
20        </intent>
21        <!-- Added to check if Chrome is installed for browser-based payment authentication (e.g. 3DS1). -->
22        <package android:name="com.android.chrome" /> <!-- Needs to be explicitly declared on Android R+ -->
22-->[com.stripe:payments-core:20.25.5] AndroidManifest.xml:11:9-54
22-->[com.stripe:payments-core:20.25.5] AndroidManifest.xml:11:18-51
23        <package android:name="com.google.android.apps.maps" />
23-->[com.google.android.gms:play-services-maps:18.0.2] AndroidManifest.xml:33:9-64
23-->[com.google.android.gms:play-services-maps:18.0.2] AndroidManifest.xml:33:18-61
24    </queries> <!-- Include required permissions for Google Maps API to run. -->
25    <uses-permission android:name="android.permission.ACCESS_NETWORK_STATE" />
25-->[com.google.android.gms:play-services-maps:18.0.2] AndroidManifest.xml:23:5-79
25-->[com.google.android.gms:play-services-maps:18.0.2] AndroidManifest.xml:23:22-76
26
27    <uses-feature
27-->[com.google.android.gms:play-services-maps:18.0.2] AndroidManifest.xml:26:5-28:35
28        android:glEsVersion="0x00020000"
28-->[com.google.android.gms:play-services-maps:18.0.2] AndroidManifest.xml:27:9-41
29        android:required="true" />
29-->[com.google.android.gms:play-services-maps:18.0.2] AndroidManifest.xml:28:9-32
30
31    <permission
31-->[androidx.core:core:1.9.0] AndroidManifest.xml:22:5-24:47
32        android:name="com.stripepayment.DYNAMIC_RECEIVER_NOT_EXPORTED_PERMISSION"
32-->[androidx.core:core:1.9.0] AndroidManifest.xml:23:9-81
33        android:protectionLevel="signature" />
33-->[androidx.core:core:1.9.0] AndroidManifest.xml:24:9-44
34
35    <uses-permission android:name="com.stripepayment.DYNAMIC_RECEIVER_NOT_EXPORTED_PERMISSION" />
35-->[androidx.core:core:1.9.0] AndroidManifest.xml:26:5-97
35-->[androidx.core:core:1.9.0] AndroidManifest.xml:26:22-94
36
37    <application
37-->src/main/AndroidManifest.xml:5:5-24:19
38        android:name="com.stripepayment.MainApplication"
38-->src/main/AndroidManifest.xml:6:7-38
39        android:allowBackup="false"
39-->src/main/AndroidManifest.xml:10:7-34
40        android:appComponentFactory="androidx.core.app.CoreComponentFactory"
40-->[androidx.core:core:1.9.0] AndroidManifest.xml:28:18-86
41        android:icon="@mipmap/ic_launcher"
41-->src/main/AndroidManifest.xml:8:7-41
42        android:label="@string/app_name"
42-->src/main/AndroidManifest.xml:7:7-39
43        android:roundIcon="@mipmap/ic_launcher_round"
43-->src/main/AndroidManifest.xml:9:7-52
44        android:theme="@style/AppTheme" >
44-->src/main/AndroidManifest.xml:11:7-38
45        <activity
45-->src/main/AndroidManifest.xml:12:7-23:18
46            android:name="com.stripepayment.MainActivity"
46-->src/main/AndroidManifest.xml:13:9-37
47            android:configChanges="keyboard|keyboardHidden|orientation|screenLayout|screenSize|smallestScreenSize|uiMode"
47-->src/main/AndroidManifest.xml:15:9-118
48            android:exported="true"
48-->src/main/AndroidManifest.xml:18:9-32
49            android:label="@string/app_name"
49-->src/main/AndroidManifest.xml:14:9-41
50            android:launchMode="singleTask"
50-->src/main/AndroidManifest.xml:16:9-40
51            android:windowSoftInputMode="adjustResize" >
51-->src/main/AndroidManifest.xml:17:9-51
52            <intent-filter>
52-->src/main/AndroidManifest.xml:19:9-22:25
53                <action android:name="android.intent.action.MAIN" />
53-->src/main/AndroidManifest.xml:20:13-65
53-->src/main/AndroidManifest.xml:20:21-62
54
55                <category android:name="android.intent.category.LAUNCHER" />
55-->src/main/AndroidManifest.xml:21:13-73
55-->src/main/AndroidManifest.xml:21:23-70
56            </intent-filter>
57        </activity>
58        <activity
58-->[com.stripe:paymentsheet:20.25.5] AndroidManifest.xml:8:9-12:58
59            android:name="com.stripe.android.paymentsheet.PaymentSheetActivity"
59-->[com.stripe:paymentsheet:20.25.5] AndroidManifest.xml:9:13-80
60            android:exported="false"
60-->[com.stripe:paymentsheet:20.25.5] AndroidManifest.xml:10:13-37
61            android:theme="@style/StripePaymentSheetDefaultTheme"
61-->[com.stripe:paymentsheet:20.25.5] AndroidManifest.xml:11:13-66
62            android:windowSoftInputMode="adjustResize" />
62-->[com.stripe:paymentsheet:20.25.5] AndroidManifest.xml:12:13-55
63        <activity
63-->[com.stripe:paymentsheet:20.25.5] AndroidManifest.xml:13:9-17:58
64            android:name="com.stripe.android.paymentsheet.PaymentOptionsActivity"
64-->[com.stripe:paymentsheet:20.25.5] AndroidManifest.xml:14:13-82
65            android:exported="false"
65-->[com.stripe:paymentsheet:20.25.5] AndroidManifest.xml:15:13-37
66            android:theme="@style/StripePaymentSheetDefaultTheme"
66-->[com.stripe:paymentsheet:20.25.5] AndroidManifest.xml:16:13-66
67            android:windowSoftInputMode="adjustResize" />
67-->[com.stripe:paymentsheet:20.25.5] AndroidManifest.xml:17:13-55
68        <activity
68-->[com.stripe:paymentsheet:20.25.5] AndroidManifest.xml:18:9-22:58
69            android:name="com.stripe.android.customersheet.CustomerSheetActivity"
69-->[com.stripe:paymentsheet:20.25.5] AndroidManifest.xml:19:13-82
70            android:exported="false"
70-->[com.stripe:paymentsheet:20.25.5] AndroidManifest.xml:20:13-37
71            android:theme="@style/StripePaymentSheetDefaultTheme"
71-->[com.stripe:paymentsheet:20.25.5] AndroidManifest.xml:21:13-66
72            android:windowSoftInputMode="adjustResize" />
72-->[com.stripe:paymentsheet:20.25.5] AndroidManifest.xml:22:13-55
73        <activity
73-->[com.stripe:paymentsheet:20.25.5] AndroidManifest.xml:23:9-26:69
74            android:name="com.stripe.android.paymentsheet.addresselement.AddressElementActivity"
74-->[com.stripe:paymentsheet:20.25.5] AndroidManifest.xml:24:13-97
75            android:exported="false"
75-->[com.stripe:paymentsheet:20.25.5] AndroidManifest.xml:25:13-37
76            android:theme="@style/StripePaymentSheetDefaultTheme" />
76-->[com.stripe:paymentsheet:20.25.5] AndroidManifest.xml:26:13-66
77        <activity
77-->[com.stripe:paymentsheet:20.25.5] AndroidManifest.xml:27:9-30:69
78            android:name="com.stripe.android.paymentsheet.paymentdatacollection.polling.PollingActivity"
78-->[com.stripe:paymentsheet:20.25.5] AndroidManifest.xml:28:13-105
79            android:exported="false"
79-->[com.stripe:paymentsheet:20.25.5] AndroidManifest.xml:29:13-37
80            android:theme="@style/StripePaymentSheetDefaultTheme" />
80-->[com.stripe:paymentsheet:20.25.5] AndroidManifest.xml:30:13-66
81        <activity
81-->[com.stripe:financial-connections:20.25.5] AndroidManifest.xml:21:9-64:20
82            android:name="com.stripe.android.financialconnections.FinancialConnectionsSheetRedirectActivity"
82-->[com.stripe:financial-connections:20.25.5] AndroidManifest.xml:22:13-109
83            android:exported="true" >
83-->[com.stripe:financial-connections:20.25.5] AndroidManifest.xml:23:13-36
84            <intent-filter>
84-->[com.stripe:financial-connections:20.25.5] AndroidManifest.xml:24:13-63:29
85                <action android:name="android.intent.action.VIEW" />
85-->[com.stripe:financial-connections:20.25.5] AndroidManifest.xml:14:13-65
85-->[com.stripe:financial-connections:20.25.5] AndroidManifest.xml:14:21-62
86
87                <category android:name="android.intent.category.DEFAULT" />
87-->[com.stripe:financial-connections:20.25.5] AndroidManifest.xml:27:17-76
87-->[com.stripe:financial-connections:20.25.5] AndroidManifest.xml:27:27-73
88                <category android:name="android.intent.category.BROWSABLE" />
88-->[com.stripe:financial-connections:20.25.5] AndroidManifest.xml:28:17-78
88-->[com.stripe:financial-connections:20.25.5] AndroidManifest.xml:28:27-75
89
90                <!-- Returning from app2app: return_url is triggered to reopen web AuthFlow and poll accounts. -->
91                <data
91-->[com.stripe:financial-connections:20.25.5] AndroidManifest.xml:16:13-43
92                    android:host="link-accounts"
93                    android:pathPrefix="/com.stripepayment/authentication_return"
94                    android:scheme="stripe-auth" />
94-->[com.stripe:financial-connections:20.25.5] AndroidManifest.xml:16:19-40
95
96                <!-- Returning from app2app: return_url is triggered to reopen native AuthFlow and poll accounts. -->
97                <data
97-->[com.stripe:financial-connections:20.25.5] AndroidManifest.xml:16:13-43
98                    android:host="link-native-accounts"
99                    android:pathPrefix="/com.stripepayment/authentication_return"
100                    android:scheme="stripe-auth" />
100-->[com.stripe:financial-connections:20.25.5] AndroidManifest.xml:16:19-40
101
102                <!-- End of web AuthFlow success and cancel URIs that begin with "stripe-auth://link-accounts/{app-id}/...” -->
103                <data
103-->[com.stripe:financial-connections:20.25.5] AndroidManifest.xml:16:13-43
104                    android:host="link-accounts"
105                    android:path="/com.stripepayment/success"
106                    android:scheme="stripe-auth" />
106-->[com.stripe:financial-connections:20.25.5] AndroidManifest.xml:16:19-40
107                <data
107-->[com.stripe:financial-connections:20.25.5] AndroidManifest.xml:16:13-43
108                    android:host="link-accounts"
109                    android:path="/com.stripepayment/cancel"
110                    android:scheme="stripe-auth" />
110-->[com.stripe:financial-connections:20.25.5] AndroidManifest.xml:16:19-40
111
112                <!-- Opening app2app: Web flow triggers stripe-auth://native-redirect/{app-id}/http://web-that-redirects-to-native -->
113                <data
113-->[com.stripe:financial-connections:20.25.5] AndroidManifest.xml:16:13-43
114                    android:host="native-redirect"
115                    android:pathPrefix="/com.stripepayment"
116                    android:scheme="stripe-auth" />
116-->[com.stripe:financial-connections:20.25.5] AndroidManifest.xml:16:19-40
117
118                <!-- Accepts success/cancel/fail URIs that begin with "stripe://auth-redirect” -->
119                <data
119-->[com.stripe:financial-connections:20.25.5] AndroidManifest.xml:16:13-43
120                    android:host="auth-redirect"
121                    android:pathPrefix="/com.stripepayment"
122                    android:scheme="stripe" />
122-->[com.stripe:financial-connections:20.25.5] AndroidManifest.xml:16:19-40
123            </intent-filter>
124        </activity>
125        <activity
125-->[com.stripe:financial-connections:20.25.5] AndroidManifest.xml:65:9-68:57
126            android:name="com.stripe.android.financialconnections.FinancialConnectionsSheetActivity"
126-->[com.stripe:financial-connections:20.25.5] AndroidManifest.xml:66:13-101
127            android:exported="false"
127-->[com.stripe:financial-connections:20.25.5] AndroidManifest.xml:67:13-37
128            android:theme="@style/StripeDefaultTheme" />
128-->[com.stripe:financial-connections:20.25.5] AndroidManifest.xml:68:13-54
129        <activity
129-->[com.stripe:financial-connections:20.25.5] AndroidManifest.xml:69:9-73:58
130            android:name="com.stripe.android.financialconnections.ui.FinancialConnectionsSheetNativeActivity"
130-->[com.stripe:financial-connections:20.25.5] AndroidManifest.xml:70:13-110
131            android:exported="false"
131-->[com.stripe:financial-connections:20.25.5] AndroidManifest.xml:71:13-37
132            android:theme="@style/StripeDefaultTheme"
132-->[com.stripe:financial-connections:20.25.5] AndroidManifest.xml:72:13-54
133            android:windowSoftInputMode="adjustResize" />
133-->[com.stripe:financial-connections:20.25.5] AndroidManifest.xml:73:13-55
134
135        <provider
135-->[com.stripe:financial-connections:20.25.5] AndroidManifest.xml:75:9-79:43
136            android:name="com.stripe.android.financialconnections.appinitializer.FinancialConnectionsInitializer"
136-->[com.stripe:financial-connections:20.25.5] AndroidManifest.xml:76:13-114
137            android:authorities="com.stripepayment.financialconnections-init"
137-->[com.stripe:financial-connections:20.25.5] AndroidManifest.xml:77:13-77
138            android:exported="false"
138-->[com.stripe:financial-connections:20.25.5] AndroidManifest.xml:78:13-37
139            android:multiprocess="true" />
139-->[com.stripe:financial-connections:20.25.5] AndroidManifest.xml:79:13-40
140
141        <activity
141-->[com.stripe:payments-ui-core:20.25.5] AndroidManifest.xml:8:9-11:69
142            android:name="com.stripe.android.ui.core.cardscan.CardScanActivity"
142-->[com.stripe:payments-ui-core:20.25.5] AndroidManifest.xml:9:13-80
143            android:exported="false"
143-->[com.stripe:payments-ui-core:20.25.5] AndroidManifest.xml:10:13-37
144            android:theme="@style/StripePaymentSheetDefaultTheme" />
144-->[com.stripe:payments-ui-core:20.25.5] AndroidManifest.xml:11:13-66
145        <activity
145-->[com.stripe:payments-core:20.25.5] AndroidManifest.xml:15:9-18:57
146            android:name="com.stripe.android.view.AddPaymentMethodActivity"
146-->[com.stripe:payments-core:20.25.5] AndroidManifest.xml:16:13-76
147            android:exported="false"
147-->[com.stripe:payments-core:20.25.5] AndroidManifest.xml:17:13-37
148            android:theme="@style/StripeDefaultTheme" />
148-->[com.stripe:payments-core:20.25.5] AndroidManifest.xml:18:13-54
149        <activity
149-->[com.stripe:payments-core:20.25.5] AndroidManifest.xml:19:9-22:57
150            android:name="com.stripe.android.view.PaymentMethodsActivity"
150-->[com.stripe:payments-core:20.25.5] AndroidManifest.xml:20:13-74
151            android:exported="false"
151-->[com.stripe:payments-core:20.25.5] AndroidManifest.xml:21:13-37
152            android:theme="@style/StripeDefaultTheme" />
152-->[com.stripe:payments-core:20.25.5] AndroidManifest.xml:22:13-54
153        <activity
153-->[com.stripe:payments-core:20.25.5] AndroidManifest.xml:23:9-26:57
154            android:name="com.stripe.android.view.PaymentFlowActivity"
154-->[com.stripe:payments-core:20.25.5] AndroidManifest.xml:24:13-71
155            android:exported="false"
155-->[com.stripe:payments-core:20.25.5] AndroidManifest.xml:25:13-37
156            android:theme="@style/StripeDefaultTheme" />
156-->[com.stripe:payments-core:20.25.5] AndroidManifest.xml:26:13-54
157        <activity
157-->[com.stripe:payments-core:20.25.5] AndroidManifest.xml:27:9-31:58
158            android:name="com.stripe.android.view.PaymentAuthWebViewActivity"
158-->[com.stripe:payments-core:20.25.5] AndroidManifest.xml:28:13-78
159            android:exported="false"
159-->[com.stripe:payments-core:20.25.5] AndroidManifest.xml:29:13-37
160            android:theme="@style/StripeDefaultTheme"
160-->[com.stripe:payments-core:20.25.5] AndroidManifest.xml:30:13-54
161            android:windowSoftInputMode="adjustResize" />
161-->[com.stripe:payments-core:20.25.5] AndroidManifest.xml:31:13-55
162        <activity
162-->[com.stripe:payments-core:20.25.5] AndroidManifest.xml:32:9-35:61
163            android:name="com.stripe.android.view.PaymentRelayActivity"
163-->[com.stripe:payments-core:20.25.5] AndroidManifest.xml:33:13-72
164            android:exported="false"
164-->[com.stripe:payments-core:20.25.5] AndroidManifest.xml:34:13-37
165            android:theme="@style/StripeTransparentTheme" />
165-->[com.stripe:payments-core:20.25.5] AndroidManifest.xml:35:13-58
166        <!--
167        Set android:launchMode="singleTop" so that the StripeBrowserLauncherActivity instance that
168        launched the browser Activity will also handle the return URL deep link.
169        -->
170        <activity
170-->[com.stripe:payments-core:20.25.5] AndroidManifest.xml:41:9-45:61
171            android:name="com.stripe.android.payments.StripeBrowserLauncherActivity"
171-->[com.stripe:payments-core:20.25.5] AndroidManifest.xml:42:13-85
172            android:exported="false"
172-->[com.stripe:payments-core:20.25.5] AndroidManifest.xml:43:13-37
173            android:launchMode="singleTask"
173-->[com.stripe:payments-core:20.25.5] AndroidManifest.xml:44:13-44
174            android:theme="@style/StripeTransparentTheme" />
174-->[com.stripe:payments-core:20.25.5] AndroidManifest.xml:45:13-58
175        <activity
175-->[com.stripe:payments-core:20.25.5] AndroidManifest.xml:46:9-63:20
176            android:name="com.stripe.android.payments.StripeBrowserProxyReturnActivity"
176-->[com.stripe:payments-core:20.25.5] AndroidManifest.xml:47:13-88
177            android:exported="true"
177-->[com.stripe:payments-core:20.25.5] AndroidManifest.xml:48:13-36
178            android:launchMode="singleTask"
178-->[com.stripe:payments-core:20.25.5] AndroidManifest.xml:49:13-44
179            android:theme="@style/StripeTransparentTheme" >
179-->[com.stripe:payments-core:20.25.5] AndroidManifest.xml:50:13-58
180            <intent-filter>
180-->[com.stripe:payments-core:20.25.5] AndroidManifest.xml:51:13-62:29
181                <action android:name="android.intent.action.VIEW" />
181-->[com.stripe:financial-connections:20.25.5] AndroidManifest.xml:14:13-65
181-->[com.stripe:financial-connections:20.25.5] AndroidManifest.xml:14:21-62
182
183                <category android:name="android.intent.category.DEFAULT" />
183-->[com.stripe:financial-connections:20.25.5] AndroidManifest.xml:27:17-76
183-->[com.stripe:financial-connections:20.25.5] AndroidManifest.xml:27:27-73
184                <category android:name="android.intent.category.BROWSABLE" />
184-->[com.stripe:financial-connections:20.25.5] AndroidManifest.xml:28:17-78
184-->[com.stripe:financial-connections:20.25.5] AndroidManifest.xml:28:27-75
185
186                <!-- Must match `DefaultReturnUrl#value`. -->
187                <data
187-->[com.stripe:financial-connections:20.25.5] AndroidManifest.xml:16:13-43
188                    android:host="payment_return_url"
189                    android:path="/com.stripepayment"
190                    android:scheme="stripesdk" />
190-->[com.stripe:financial-connections:20.25.5] AndroidManifest.xml:16:19-40
191            </intent-filter>
192        </activity>
193        <activity
193-->[com.stripe:payments-core:20.25.5] AndroidManifest.xml:64:9-67:57
194            android:name="com.stripe.android.payments.core.authentication.threeds2.Stripe3ds2TransactionActivity"
194-->[com.stripe:payments-core:20.25.5] AndroidManifest.xml:65:13-114
195            android:exported="false"
195-->[com.stripe:payments-core:20.25.5] AndroidManifest.xml:66:13-37
196            android:theme="@style/StripeDefaultTheme" />
196-->[com.stripe:payments-core:20.25.5] AndroidManifest.xml:67:13-54
197        <activity
197-->[com.stripe:payments-core:20.25.5] AndroidManifest.xml:68:9-71:66
198            android:name="com.stripe.android.googlepaylauncher.StripeGooglePayActivity"
198-->[com.stripe:payments-core:20.25.5] AndroidManifest.xml:69:13-88
199            android:exported="false"
199-->[com.stripe:payments-core:20.25.5] AndroidManifest.xml:70:13-37
200            android:theme="@style/StripeGooglePayDefaultTheme" />
200-->[com.stripe:payments-core:20.25.5] AndroidManifest.xml:71:13-63
201        <activity
201-->[com.stripe:payments-core:20.25.5] AndroidManifest.xml:72:9-75:66
202            android:name="com.stripe.android.googlepaylauncher.GooglePayLauncherActivity"
202-->[com.stripe:payments-core:20.25.5] AndroidManifest.xml:73:13-90
203            android:exported="false"
203-->[com.stripe:payments-core:20.25.5] AndroidManifest.xml:74:13-37
204            android:theme="@style/StripeGooglePayDefaultTheme" />
204-->[com.stripe:payments-core:20.25.5] AndroidManifest.xml:75:13-63
205        <activity
205-->[com.stripe:payments-core:20.25.5] AndroidManifest.xml:76:9-79:66
206            android:name="com.stripe.android.googlepaylauncher.GooglePayPaymentMethodLauncherActivity"
206-->[com.stripe:payments-core:20.25.5] AndroidManifest.xml:77:13-103
207            android:exported="false"
207-->[com.stripe:payments-core:20.25.5] AndroidManifest.xml:78:13-37
208            android:theme="@style/StripeGooglePayDefaultTheme" />
208-->[com.stripe:payments-core:20.25.5] AndroidManifest.xml:79:13-63
209        <activity
209-->[com.stripe:payments-core:20.25.5] AndroidManifest.xml:80:9-83:68
210            android:name="com.stripe.android.payments.paymentlauncher.PaymentLauncherConfirmationActivity"
210-->[com.stripe:payments-core:20.25.5] AndroidManifest.xml:81:13-107
211            android:exported="false"
211-->[com.stripe:payments-core:20.25.5] AndroidManifest.xml:82:13-37
212            android:theme="@style/StripePayLauncherDefaultTheme" />
212-->[com.stripe:payments-core:20.25.5] AndroidManifest.xml:83:13-65
213        <activity
213-->[com.stripe:payments-core:20.25.5] AndroidManifest.xml:84:9-87:61
214            android:name="com.stripe.android.payments.bankaccount.ui.CollectBankAccountActivity"
214-->[com.stripe:payments-core:20.25.5] AndroidManifest.xml:85:13-97
215            android:exported="false"
215-->[com.stripe:payments-core:20.25.5] AndroidManifest.xml:86:13-37
216            android:theme="@style/StripeTransparentTheme" />
216-->[com.stripe:payments-core:20.25.5] AndroidManifest.xml:87:13-58
217        <activity
217-->[com.stripe:stripe-3ds2-android:6.1.7] AndroidManifest.xml:8:9-11:54
218            android:name="com.stripe.android.stripe3ds2.views.ChallengeActivity"
218-->[com.stripe:stripe-3ds2-android:6.1.7] AndroidManifest.xml:9:13-81
219            android:exported="false"
219-->[com.stripe:stripe-3ds2-android:6.1.7] AndroidManifest.xml:10:13-37
220            android:theme="@style/Stripe3DS2Theme" /> <!-- Needs to be explicitly declared on P+ -->
220-->[com.stripe:stripe-3ds2-android:6.1.7] AndroidManifest.xml:11:13-51
221        <uses-library
221-->[com.google.android.gms:play-services-maps:18.0.2] AndroidManifest.xml:39:9-41:40
222            android:name="org.apache.http.legacy"
222-->[com.google.android.gms:play-services-maps:18.0.2] AndroidManifest.xml:40:13-50
223            android:required="false" />
223-->[com.google.android.gms:play-services-maps:18.0.2] AndroidManifest.xml:41:13-37
224
225        <activity
225-->[com.google.android.gms:play-services-base:18.0.1] AndroidManifest.xml:20:9-22:45
226            android:name="com.google.android.gms.common.api.GoogleApiActivity"
226-->[com.google.android.gms:play-services-base:18.0.1] AndroidManifest.xml:20:19-85
227            android:exported="false"
227-->[com.google.android.gms:play-services-base:18.0.1] AndroidManifest.xml:22:19-43
228            android:theme="@android:style/Theme.Translucent.NoTitleBar" />
228-->[com.google.android.gms:play-services-base:18.0.1] AndroidManifest.xml:21:19-78
229
230        <provider
230-->[androidx.emoji2:emoji2:1.3.0] AndroidManifest.xml:24:9-32:20
231            android:name="androidx.startup.InitializationProvider"
231-->[androidx.emoji2:emoji2:1.3.0] AndroidManifest.xml:25:13-67
232            android:authorities="com.stripepayment.androidx-startup"
232-->[androidx.emoji2:emoji2:1.3.0] AndroidManifest.xml:26:13-68
233            android:exported="false" >
233-->[androidx.emoji2:emoji2:1.3.0] AndroidManifest.xml:27:13-37
234            <meta-data
234-->[androidx.emoji2:emoji2:1.3.0] AndroidManifest.xml:29:13-31:52
235                android:name="androidx.emoji2.text.EmojiCompatInitializer"
235-->[androidx.emoji2:emoji2:1.3.0] AndroidManifest.xml:30:17-75
236                android:value="androidx.startup" />
236-->[androidx.emoji2:emoji2:1.3.0] AndroidManifest.xml:31:17-49
237            <meta-data
237-->[androidx.lifecycle:lifecycle-process:2.6.1] AndroidManifest.xml:29:13-31:52
238                android:name="androidx.lifecycle.ProcessLifecycleInitializer"
238-->[androidx.lifecycle:lifecycle-process:2.6.1] AndroidManifest.xml:30:17-78
239                android:value="androidx.startup" />
239-->[androidx.lifecycle:lifecycle-process:2.6.1] AndroidManifest.xml:31:17-49
240            <meta-data
240-->[androidx.profileinstaller:profileinstaller:1.3.0] AndroidManifest.xml:29:13-31:52
241                android:name="androidx.profileinstaller.ProfileInstallerInitializer"
241-->[androidx.profileinstaller:profileinstaller:1.3.0] AndroidManifest.xml:30:17-85
242                android:value="androidx.startup" />
242-->[androidx.profileinstaller:profileinstaller:1.3.0] AndroidManifest.xml:31:17-49
243        </provider>
244
245        <meta-data
245-->[com.google.android.gms:play-services-basement:18.0.0] AndroidManifest.xml:21:9-23:69
246            android:name="com.google.android.gms.version"
246-->[com.google.android.gms:play-services-basement:18.0.0] AndroidManifest.xml:22:13-58
247            android:value="@integer/google_play_services_version" />
247-->[com.google.android.gms:play-services-basement:18.0.0] AndroidManifest.xml:23:13-66
248
249        <receiver
249-->[androidx.profileinstaller:profileinstaller:1.3.0] AndroidManifest.xml:34:9-52:20
250            android:name="androidx.profileinstaller.ProfileInstallReceiver"
250-->[androidx.profileinstaller:profileinstaller:1.3.0] AndroidManifest.xml:35:13-76
251            android:directBootAware="false"
251-->[androidx.profileinstaller:profileinstaller:1.3.0] AndroidManifest.xml:36:13-44
252            android:enabled="true"
252-->[androidx.profileinstaller:profileinstaller:1.3.0] AndroidManifest.xml:37:13-35
253            android:exported="true"
253-->[androidx.profileinstaller:profileinstaller:1.3.0] AndroidManifest.xml:38:13-36
254            android:permission="android.permission.DUMP" >
254-->[androidx.profileinstaller:profileinstaller:1.3.0] AndroidManifest.xml:39:13-57
255            <intent-filter>
255-->[androidx.profileinstaller:profileinstaller:1.3.0] AndroidManifest.xml:40:13-42:29
256                <action android:name="androidx.profileinstaller.action.INSTALL_PROFILE" />
256-->[androidx.profileinstaller:profileinstaller:1.3.0] AndroidManifest.xml:41:17-91
256-->[androidx.profileinstaller:profileinstaller:1.3.0] AndroidManifest.xml:41:25-88
257            </intent-filter>
258            <intent-filter>
258-->[androidx.profileinstaller:profileinstaller:1.3.0] AndroidManifest.xml:43:13-45:29
259                <action android:name="androidx.profileinstaller.action.SKIP_FILE" />
259-->[androidx.profileinstaller:profileinstaller:1.3.0] AndroidManifest.xml:44:17-85
259-->[androidx.profileinstaller:profileinstaller:1.3.0] AndroidManifest.xml:44:25-82
260            </intent-filter>
261            <intent-filter>
261-->[androidx.profileinstaller:profileinstaller:1.3.0] AndroidManifest.xml:46:13-48:29
262                <action android:name="androidx.profileinstaller.action.SAVE_PROFILE" />
262-->[androidx.profileinstaller:profileinstaller:1.3.0] AndroidManifest.xml:47:17-88
262-->[androidx.profileinstaller:profileinstaller:1.3.0] AndroidManifest.xml:47:25-85
263            </intent-filter>
264            <intent-filter>
264-->[androidx.profileinstaller:profileinstaller:1.3.0] AndroidManifest.xml:49:13-51:29
265                <action android:name="androidx.profileinstaller.action.BENCHMARK_OPERATION" />
265-->[androidx.profileinstaller:profileinstaller:1.3.0] AndroidManifest.xml:50:17-95
265-->[androidx.profileinstaller:profileinstaller:1.3.0] AndroidManifest.xml:50:25-92
266            </intent-filter>
267        </receiver>
268
269        <meta-data
269-->[com.google.android.instantapps:instantapps:1.1.0] AndroidManifest.xml:10:9-12:33
270            android:name="aia-compat-api-min-version"
270-->[com.google.android.instantapps:instantapps:1.1.0] AndroidManifest.xml:11:13-54
271            android:value="1" />
271-->[com.google.android.instantapps:instantapps:1.1.0] AndroidManifest.xml:12:13-30
272    </application>
273
274</manifest>